Arguments: 
  C:\Program Files\nodejs\node.exe C:\Users\mo\AppData\Roaming\npm\node_modules\yarn\bin\yarn.js add @commitlint/{cli,config-conventional} -D

PATH: 
  C:\Windows\system32;C:\Windows;C:\Windows\System32\Wbem;C:\Windows\System32\WindowsPowerShell\v1.0\;C:\Windows\System32\OpenSSH\;C:\Program Files (x86)\NVIDIA Corporation\PhysX\Common;C:\Program Files\NVIDIA Corporation\NVIDIA NvDLISR;C:\Program Files\Git\cmd;C:\Program Files\Pandoc\;C:\Program Files\dotnet\;C:\Program Files\nodejs\;D:\tools\Developer_tools\MongoDB\bin;D:\tools\Developer_tools\Xhell\;C:\Users\mo\AppData\Local\Microsoft\WindowsApps;D:\tools\Developer_tools\Microsoft VS Code\bin;C:\Users\mo\.deno\bin;C:\Users\mo\AppData\Local\GitHubDesktop\bin;C:\Program Files\Pandoc;C:\Users\mo\AppData\Roaming\npm

Yarn version: 
  1.22.17

Node version: 
  16.11.1

Platform: 
  win32 x64

Trace: 
  Error: https://registry.npmjs.org/@commitlint%2f%7Bcli,config-conventional%7D: Not found
      at Request.params.callback [as _callback] (C:\Users\mo\AppData\Roaming\npm\node_modules\yarn\lib\cli.js:67029:18)
      at Request.self.callback (C:\Users\mo\AppData\Roaming\npm\node_modules\yarn\lib\cli.js:140883:22)
      at Request.emit (node:events:390:28)
      at Request.<anonymous> (C:\Users\mo\AppData\Roaming\npm\node_modules\yarn\lib\cli.js:141855:10)
      at Request.emit (node:events:390:28)
      at IncomingMessage.<anonymous> (C:\Users\mo\AppData\Roaming\npm\node_modules\yarn\lib\cli.js:141777:12)
      at Object.onceWrapper (node:events:509:28)
      at IncomingMessage.emit (node:events:402:35)
      at endReadableNT (node:internal/streams/readable:1343:12)
      at processTicksAndRejections (node:internal/process/task_queues:83:21)

npm manifest: 
  {
    "name": "io_snippets",
    "version": "1.0.0",
    "main": "index.js",
    "repository": "git@github.com:bymori/io_snippets.git",
    "author": "by_mori",
    "license": "GPL-3.0"
  }

yarn manifest: 
  No manifest

Lockfile: 
  # THIS IS AN AUTOGENERATED FILE. DO NOT EDIT THIS FILE DIRECTLY.
  # yarn lockfile v1
